<?xml version="1.0" encoding="UTF-8"?>
<!-- Generated by org.testng.reporters.JUnitXMLReporter -->
<testsuite ignored="0" hostname="DBSF219" failures="0" tests="3" name="Default test" time="0.066" errors="0" timestamp="2022-09-04T15:53:52 AEST">
  <testcase classname="test.LoanTest" name="PersonalLoanTest" time="0.007"/>
  <testcase classname="test.LoanTest" name="PersonalLoanTest1" time="0.001"/>
  <testcase classname="test.LoanTest" name="HomeLoanTest" time="0.001"/>
</testsuite> <!-- Default test -->
